[09-Feb-2023 17:32:08 Asia/Calcutta] 2023-02-09T17:32:08+05:30 [critical] Uncaught Exception: The autoloader expected class "App\DynamicDropdown\Flavour" to be defined in file "/var/www/html/grocery/vendor/composer/../../src/DynamicDropdown/Flavour.php". The file was found but the class was not in it, the class name or namespace probably has a typo.
[09-Feb-2023 17:33:25 Asia/Calcutta] 2023-02-09T17:33:25+05:30 [critical] Uncaught Exception: The autoloader expected class "App\DynamicDropdown\Flavour" to be defined in file "/var/www/html/grocery/vendor/composer/../../src/DynamicDropdown/Flavour.php". The file was found but the class was not in it, the class name or namespace probably has a typo.
[09-Feb-2023 17:53:33 Asia/Calcutta] 2023-02-09T17:53:33+05:30 [critical] Uncaught Exception: The autoloader expected class "App\DynamicDropdown\BiscuitFlavour" to be defined in file "/var/www/html/grocery/vendor/composer/../../src/DynamicDropdown/BiscuitFlavour.php". The file was found but the class was not in it, the class name or namespace probably has a typo.
[09-Feb-2023 17:54:01 Asia/Calcutta] PHP Fatal error:  Cannot declare class App\DynamicDropdown\Flavour, because the name is already in use in /var/www/html/grocery/src/DynamicDropdown/BiscuitFlavour.php on line 11
[09-Feb-2023 17:54:04 Asia/Calcutta] PHP Fatal error:  Cannot declare class App\DynamicDropdown\Flavour, because the name is already in use in /var/www/html/grocery/src/DynamicDropdown/BiscuitFlavour.php on line 11
[09-Feb-2023 17:54:32 Asia/Calcutta] PHP Fatal error:  Cannot declare class App\DynamicDropdown\Flavour, because the name is already in use in /var/www/html/grocery/src/DynamicDropdown/BiscuitFlavour.php on line 11
[09-Feb-2023 17:54:56 Asia/Calcutta] PHP Fatal error:  Cannot declare class App\DynamicDropdown\Flavour, because the name is already in use in /var/www/html/grocery/src/DynamicDropdown/BiscuitFlavour.php on line 11
[09-Feb-2023 20:40:04 Asia/Calcutta] 2023-02-09T20:40:04+05:30 [critical] Uncaught Exception: The file "/var/www/html/grocery/config/services.yaml" does not contain valid YAML: Duplicate key "class" detected at line 80 (near "class : App\DynamicDropdown\CoffeeFlavour") in /var/www/html/grocery/config/services.yaml (which is being imported from "/var/www/html/grocery/src/Kernel.php").
[09-Feb-2023 20:40:15 Asia/Calcutta] 2023-02-09T20:40:15+05:30 [critical] Uncaught Exception: The file "/var/www/html/grocery/config/services.yaml" does not contain valid YAML: Duplicate key "class" detected at line 80 (near "class : App\DynamicDropdown\CoffeeFlavour") in /var/www/html/grocery/config/services.yaml (which is being imported from "/var/www/html/grocery/src/Kernel.php").
[09-Feb-2023 20:40:34 Asia/Calcutta] 2023-02-09T20:40:34+05:30 [critical] Uncaught Exception: The file "/var/www/html/grocery/config/services.yaml" does not contain valid YAML: Duplicate key "class" detected at line 80 (near "class : App\DynamicDropdown\CoffeeFlavour") in /var/www/html/grocery/config/services.yaml (which is being imported from "/var/www/html/grocery/src/Kernel.php").
[09-Feb-2023 20:41:04 Asia/Calcutta] 2023-02-09T20:41:04+05:30 [critical] Uncaught Exception: The file "/var/www/html/grocery/config/services.yaml" does not contain valid YAML: Duplicate key "class" detected at line 80 (near "class : App\DynamicDropdown\CoffeeFlavour") in /var/www/html/grocery/config/services.yaml (which is being imported from "/var/www/html/grocery/src/Kernel.php").
[09-Feb-2023 20:41:15 Asia/Calcutta] 2023-02-09T20:41:15+05:30 [critical] Uncaught Exception: The file "/var/www/html/grocery/config/services.yaml" does not contain valid YAML: Duplicate key "class" detected at line 80 (near "class : App\DynamicDropdown\CoffeeFlavour") in /var/www/html/grocery/config/services.yaml (which is being imported from "/var/www/html/grocery/src/Kernel.php").
[09-Feb-2023 20:41:34 Asia/Calcutta] 2023-02-09T20:41:34+05:30 [critical] Uncaught Exception: The file "/var/www/html/grocery/config/services.yaml" does not contain valid YAML: Duplicate key "class" detected at line 80 (near "class : App\DynamicDropdown\CoffeeFlavour") in /var/www/html/grocery/config/services.yaml (which is being imported from "/var/www/html/grocery/src/Kernel.php").
[09-Feb-2023 20:41:48 Asia/Calcutta] 2023-02-09T20:41:48+05:30 [critical] Uncaught Exception: The file "/var/www/html/grocery/config/services.yaml" does not contain valid YAML: Duplicate key "class" detected at line 80 (near "class : App\DynamicDropdown\CoffeeFlavour") in /var/www/html/grocery/config/services.yaml (which is being imported from "/var/www/html/grocery/src/Kernel.php").
[09-Feb-2023 20:42:09 Asia/Calcutta] 2023-02-09T20:42:09+05:30 [critical] Uncaught Exception: The file "/var/www/html/grocery/config/services.yaml" does not contain valid YAML: Duplicate key "Website.optionsprovider" detected at line 80 in /var/www/html/grocery/config/services.yaml (which is being imported from "/var/www/html/grocery/src/Kernel.php").
[09-Feb-2023 20:47:04 Asia/Calcutta] 2023-02-09T20:47:04+05:30 [critical] Uncaught Exception: The file "/var/www/html/grocery/config/services.yaml" does not contain valid YAML: Duplicate key "Website.optionsprovider" detected at line 80 in /var/www/html/grocery/config/services.yaml (which is being imported from "/var/www/html/grocery/src/Kernel.php").
[09-Feb-2023 20:47:05 Asia/Calcutta] 2023-02-09T20:47:05+05:30 [critical] Uncaught Exception: The file "/var/www/html/grocery/config/services.yaml" does not contain valid YAML: Duplicate key "Website.optionsprovider" detected at line 80 in /var/www/html/grocery/config/services.yaml (which is being imported from "/var/www/html/grocery/src/Kernel.php").
[09-Feb-2023 20:47:12 Asia/Calcutta] 2023-02-09T20:47:12+05:30 [critical] Uncaught Exception: The file "/var/www/html/grocery/config/services.yaml" does not contain valid YAML: Duplicate key "Website.optionsprovider" detected at line 80 in /var/www/html/grocery/config/services.yaml (which is being imported from "/var/www/html/grocery/src/Kernel.php").
[09-Feb-2023 20:47:22 Asia/Calcutta] 2023-02-09T20:47:22+05:30 [critical] Uncaught Exception: The file "/var/www/html/grocery/config/services.yaml" does not contain valid YAML: Duplicate key "Website.optionsprovider" detected at line 80 in /var/www/html/grocery/config/services.yaml (which is being imported from "/var/www/html/grocery/src/Kernel.php").
[09-Feb-2023 20:47:35 Asia/Calcutta] 2023-02-09T20:47:35+05:30 [critical] Uncaught Exception: The file "/var/www/html/grocery/config/services.yaml" does not contain valid YAML: Duplicate key "class" detected at line 81 (near "class : App\DynamicDropdown\CoffeeFlavour") in /var/www/html/grocery/config/services.yaml (which is being imported from "/var/www/html/grocery/src/Kernel.php").
[09-Feb-2023 20:47:50 Asia/Calcutta] 2023-02-09T20:47:50+05:30 [critical] Uncaught Exception: The file "/var/www/html/grocery/config/services.yaml" does not contain valid YAML: Duplicate key "class" detected at line 80 (near "class : App\DynamicDropdown\CoffeeFlavour") in /var/www/html/grocery/config/services.yaml (which is being imported from "/var/www/html/grocery/src/Kernel.php").
[09-Feb-2023 20:51:03 Asia/Calcutta] 2023-02-09T20:51:03+05:30 [critical] Uncaught Exception: The file "/var/www/html/grocery/config/services.yaml" does not contain valid YAML: Duplicate key "Website.optionsprovider" detected at line 80 in /var/www/html/grocery/config/services.yaml (which is being imported from "/var/www/html/grocery/src/Kernel.php").
[09-Feb-2023 21:20:25 Asia/Calcutta] PHP Fatal error:  Cannot declare class App\DynamicDropdown\TeaType, because the name is already in use in /var/www/html/grocery/src/DynamicDropdown/Coffeetype.php on line 11
[09-Feb-2023 22:09:53 Asia/Calcutta] 2023-02-09T22:09:53+05:30 [critical] Uncaught Exception: The autoloader expected class "App\Controller\BiscuitController" to be defined in file "/var/www/html/grocery/vendor/composer/../../src/Controller/BiscuitController.php". The file was found but the class was not in it, the class name or namespace probably has a typo.
[09-Feb-2023 22:09:53 Asia/Calcutta] 2023-02-09T22:09:53+05:30 [critical] Uncaught Exception: Expected to find class "App\Controller\BiscuitController" in file "/var/www/html/grocery/src/Controller/BiscuitController.php" while importing services from resource "../src/Controller", but it was not found! Check the namespace prefix used with the resource in /var/www/html/grocery/config/services.yaml (which is being imported from "/var/www/html/grocery/src/Kernel.php").
[09-Feb-2023 22:10:28 Asia/Calcutta] 2023-02-09T22:10:28+05:30 [critical] Uncaught Exception: Expected to find class "App\Controller\BiscuitController" in file "/var/www/html/grocery/src/Controller/BiscuitController.php" while importing services from resource "../src/Controller", but it was not found! Check the namespace prefix used with the resource in /var/www/html/grocery/config/services.yaml (which is being imported from "/var/www/html/grocery/src/Kernel.php").
[10-Feb-2023 10:39:45 Asia/Calcutta] 2023-02-10T10:39:45+05:30 [info] User Deprecated: Since pimcore/pimcore 10.5: Registering bundles through extensions.php is deprecated and will not work on Pimcore 11. Use config/bundles.php to register/deregister bundles.
[10-Feb-2023 10:39:45 Asia/Calcutta] 2023-02-10T10:39:45+05:30 [critical] Uncaught Error: syntax error, unexpected identifier " ", expecting ";" or "{"
[10-Feb-2023 10:41:21 Asia/Calcutta] 2023-02-10T10:41:21+05:30 [info] User Deprecated: Since pimcore/pimcore 10.5: Registering bundles through extensions.php is deprecated and will not work on Pimcore 11. Use config/bundles.php to register/deregister bundles.
[10-Feb-2023 10:41:21 Asia/Calcutta] 2023-02-10T10:41:21+05:30 [critical] Uncaught Error: Unmatched '}'
[10-Feb-2023 12:38:44 Asia/Calcutta] 2023-02-10T12:38:44+05:30 [info] User Deprecated: Method "Symfony\Component\HttpKernel\KernelInterface::locateResource()" might add "string" as a native return type declaration in the future. Do the same in implementation "Pimcore\Kernel" now to avoid errors or add an explicit @return annotation to suppress this message.
[10-Feb-2023 12:38:44 Asia/Calcutta] 2023-02-10T12:38:44+05:30 [info] User Deprecated: Since pimcore/pimcore 10.5: Registering bundles through extensions.php is deprecated and will not work on Pimcore 11. Use config/bundles.php to register/deregister bundles.
[10-Feb-2023 15:44:00 Asia/Calcutta] PHP Warning:  Undefined variable $sql in /var/www/html/grocery/vendor/vrana/adminer/adminer/script.inc.php on line 15
[10-Feb-2023 15:44:00 Asia/Calcutta] PHP Warning:  Undefined variable $sql in /var/www/html/grocery/vendor/vrana/adminer/adminer/script.inc.php on line 15
[10-Feb-2023 15:44:00 Asia/Calcutta] PHP Warning:  Undefined variable $sql in /var/www/html/grocery/vendor/vrana/adminer/adminer/script.inc.php on line 15
[10-Feb-2023 15:44:00 Asia/Calcutta] PHP Warning:  Undefined variable $sql in /var/www/html/grocery/vendor/vrana/adminer/adminer/script.inc.php on line 15
[10-Feb-2023 15:44:00 Asia/Calcutta] PHP Warning:  Undefined variable $sql in /var/www/html/grocery/vendor/vrana/adminer/adminer/script.inc.php on line 15
[10-Feb-2023 15:44:00 Asia/Calcutta] PHP Warning:  Undefined variable $sql in /var/www/html/grocery/vendor/vrana/adminer/adminer/script.inc.php on line 15
[10-Feb-2023 15:44:00 Asia/Calcutta] PHP Warning:  Undefined variable $sql in /var/www/html/grocery/vendor/vrana/adminer/adminer/script.inc.php on line 15
[10-Feb-2023 15:44:00 Asia/Calcutta] PHP Warning:  Undefined variable $sql in /var/www/html/grocery/vendor/vrana/adminer/adminer/script.inc.php on line 15
[10-Feb-2023 15:44:00 Asia/Calcutta] PHP Warning:  Undefined variable $sql in /var/www/html/grocery/vendor/vrana/adminer/adminer/script.inc.php on line 15
[10-Feb-2023 15:44:00 Asia/Calcutta] PHP Warning:  Undefined variable $sql in /var/www/html/grocery/vendor/vrana/adminer/adminer/script.inc.php on line 15
[10-Feb-2023 15:44:00 Asia/Calcutta] PHP Warning:  Undefined variable $sql in /var/www/html/grocery/vendor/vrana/adminer/adminer/script.inc.php on line 15
[10-Feb-2023 15:44:00 Asia/Calcutta] PHP Warning:  Undefined variable $sql in /var/www/html/grocery/vendor/vrana/adminer/adminer/script.inc.php on line 15
[10-Feb-2023 15:44:00 Asia/Calcutta] PHP Warning:  Undefined variable $sql in /var/www/html/grocery/vendor/vrana/adminer/adminer/script.inc.php on line 15
[10-Feb-2023 15:44:00 Asia/Calcutta] PHP Warning:  Undefined variable $sql in /var/www/html/grocery/vendor/vrana/adminer/adminer/script.inc.php on line 15
[10-Feb-2023 15:44:00 Asia/Calcutta] PHP Warning:  Undefined variable $sql in /var/www/html/grocery/vendor/vrana/adminer/adminer/script.inc.php on line 15
[10-Feb-2023 15:44:00 Asia/Calcutta] PHP Warning:  Undefined variable $sql in /var/www/html/grocery/vendor/vrana/adminer/adminer/script.inc.php on line 15
[10-Feb-2023 15:44:00 Asia/Calcutta] PHP Warning:  Undefined variable $sql in /var/www/html/grocery/vendor/vrana/adminer/adminer/script.inc.php on line 15
[10-Feb-2023 15:44:00 Asia/Calcutta] PHP Warning:  Undefined variable $sql in /var/www/html/grocery/vendor/vrana/adminer/adminer/script.inc.php on line 15
[10-Feb-2023 15:44:00 Asia/Calcutta] PHP Warning:  Undefined variable $sql in /var/www/html/grocery/vendor/vrana/adminer/adminer/script.inc.php on line 15
[10-Feb-2023 15:44:00 Asia/Calcutta] PHP Warning:  Undefined variable $sql in /var/www/html/grocery/vendor/vrana/adminer/adminer/script.inc.php on line 15
[10-Feb-2023 15:44:00 Asia/Calcutta] PHP Warning:  Undefined variable $sql in /var/www/html/grocery/vendor/vrana/adminer/adminer/script.inc.php on line 15
[10-Feb-2023 15:44:00 Asia/Calcutta] PHP Warning:  Undefined variable $sql in /var/www/html/grocery/vendor/vrana/adminer/adminer/script.inc.php on line 15
[10-Feb-2023 15:44:00 Asia/Calcutta] PHP Warning:  Undefined variable $sql in /var/www/html/grocery/vendor/vrana/adminer/adminer/script.inc.php on line 15
[10-Feb-2023 15:44:00 Asia/Calcutta] PHP Warning:  Undefined variable $sql in /var/www/html/grocery/vendor/vrana/adminer/adminer/script.inc.php on line 15
[10-Feb-2023 15:44:00 Asia/Calcutta] PHP Warning:  Undefined variable $sql in /var/www/html/grocery/vendor/vrana/adminer/adminer/script.inc.php on line 15
[10-Feb-2023 15:44:00 Asia/Calcutta] PHP Warning:  Undefined variable $sql in /var/www/html/grocery/vendor/vrana/adminer/adminer/script.inc.php on line 15
[10-Feb-2023 15:44:00 Asia/Calcutta] PHP Warning:  Undefined variable $sql in /var/www/html/grocery/vendor/vrana/adminer/adminer/script.inc.php on line 15
[10-Feb-2023 15:44:00 Asia/Calcutta] PHP Warning:  Undefined variable $sql in /var/www/html/grocery/vendor/vrana/adminer/adminer/script.inc.php on line 15
[10-Feb-2023 15:44:00 Asia/Calcutta] PHP Warning:  Undefined variable $sql in /var/www/html/grocery/vendor/vrana/adminer/adminer/script.inc.php on line 15
[10-Feb-2023 15:44:00 Asia/Calcutta] PHP Warning:  Undefined variable $sql in /var/www/html/grocery/vendor/vrana/adminer/adminer/script.inc.php on line 15
[10-Feb-2023 15:44:00 Asia/Calcutta] PHP Warning:  Undefined variable $sql in /var/www/html/grocery/vendor/vrana/adminer/adminer/script.inc.php on line 15
[10-Feb-2023 15:44:00 Asia/Calcutta] PHP Warning:  Undefined variable $sql in /var/www/html/grocery/vendor/vrana/adminer/adminer/script.inc.php on line 15
[10-Feb-2023 15:44:00 Asia/Calcutta] PHP Warning:  Undefined variable $sql in /var/www/html/grocery/vendor/vrana/adminer/adminer/script.inc.php on line 15
[10-Feb-2023 15:44:00 Asia/Calcutta] PHP Warning:  Undefined variable $sql in /var/www/html/grocery/vendor/vrana/adminer/adminer/script.inc.php on line 15
[10-Feb-2023 15:44:00 Asia/Calcutta] PHP Warning:  Undefined variable $sql in /var/www/html/grocery/vendor/vrana/adminer/adminer/script.inc.php on line 15
[10-Feb-2023 15:44:00 Asia/Calcutta] PHP Warning:  Undefined variable $sql in /var/www/html/grocery/vendor/vrana/adminer/adminer/script.inc.php on line 15
[10-Feb-2023 15:44:00 Asia/Calcutta] PHP Warning:  Undefined variable $sql in /var/www/html/grocery/vendor/vrana/adminer/adminer/script.inc.php on line 15
[10-Feb-2023 15:44:00 Asia/Calcutta] PHP Warning:  Undefined variable $sql in /var/www/html/grocery/vendor/vrana/adminer/adminer/script.inc.php on line 15
[10-Feb-2023 15:44:00 Asia/Calcutta] PHP Warning:  Undefined variable $sql in /var/www/html/grocery/vendor/vrana/adminer/adminer/script.inc.php on line 15
[10-Feb-2023 15:44:00 Asia/Calcutta] PHP Warning:  Undefined variable $sql in /var/www/html/grocery/vendor/vrana/adminer/adminer/script.inc.php on line 15
[10-Feb-2023 15:44:00 Asia/Calcutta] PHP Warning:  Undefined variable $sql in /var/www/html/grocery/vendor/vrana/adminer/adminer/script.inc.php on line 15
[10-Feb-2023 15:44:00 Asia/Calcutta] PHP Warning:  Undefined variable $sql in /var/www/html/grocery/vendor/vrana/adminer/adminer/script.inc.php on line 15
[10-Feb-2023 17:03:42 Asia/Calcutta] PHP Warning:  Undefined variable $sql in /var/www/html/grocery/vendor/vrana/adminer/adminer/script.inc.php on line 15
[10-Feb-2023 17:03:42 Asia/Calcutta] PHP Warning:  Undefined variable $sql in /var/www/html/grocery/vendor/vrana/adminer/adminer/script.inc.php on line 15
[10-Feb-2023 17:03:42 Asia/Calcutta] PHP Warning:  Undefined variable $sql in /var/www/html/grocery/vendor/vrana/adminer/adminer/script.inc.php on line 15
[10-Feb-2023 17:03:42 Asia/Calcutta] PHP Warning:  Undefined variable $sql in /var/www/html/grocery/vendor/vrana/adminer/adminer/script.inc.php on line 15
[10-Feb-2023 17:03:42 Asia/Calcutta] PHP Warning:  Undefined variable $sql in /var/www/html/grocery/vendor/vrana/adminer/adminer/script.inc.php on line 15
[10-Feb-2023 17:03:42 Asia/Calcutta] PHP Warning:  Undefined variable $sql in /var/www/html/grocery/vendor/vrana/adminer/adminer/script.inc.php on line 15
[10-Feb-2023 17:03:42 Asia/Calcutta] PHP Warning:  Undefined variable $sql in /var/www/html/grocery/vendor/vrana/adminer/adminer/script.inc.php on line 15
[10-Feb-2023 17:03:42 Asia/Calcutta] PHP Warning:  Undefined variable $sql in /var/www/html/grocery/vendor/vrana/adminer/adminer/script.inc.php on line 15
[10-Feb-2023 17:03:42 Asia/Calcutta] PHP Warning:  Undefined variable $sql in /var/www/html/grocery/vendor/vrana/adminer/adminer/script.inc.php on line 15
[10-Feb-2023 17:03:42 Asia/Calcutta] PHP Warning:  Undefined variable $sql in /var/www/html/grocery/vendor/vrana/adminer/adminer/script.inc.php on line 15
[10-Feb-2023 17:03:42 Asia/Calcutta] PHP Warning:  Undefined variable $sql in /var/www/html/grocery/vendor/vrana/adminer/adminer/script.inc.php on line 15
[10-Feb-2023 17:03:42 Asia/Calcutta] PHP Warning:  Undefined variable $sql in /var/www/html/grocery/vendor/vrana/adminer/adminer/script.inc.php on line 15
[10-Feb-2023 17:03:42 Asia/Calcutta] PHP Warning:  Undefined variable $sql in /var/www/html/grocery/vendor/vrana/adminer/adminer/script.inc.php on line 15
[10-Feb-2023 17:03:42 Asia/Calcutta] PHP Warning:  Undefined variable $sql in /var/www/html/grocery/vendor/vrana/adminer/adminer/script.inc.php on line 15
[10-Feb-2023 17:03:42 Asia/Calcutta] PHP Warning:  Undefined variable $sql in /var/www/html/grocery/vendor/vrana/adminer/adminer/script.inc.php on line 15
[10-Feb-2023 17:03:42 Asia/Calcutta] PHP Warning:  Undefined variable $sql in /var/www/html/grocery/vendor/vrana/adminer/adminer/script.inc.php on line 15
[10-Feb-2023 17:03:42 Asia/Calcutta] PHP Warning:  Undefined variable $sql in /var/www/html/grocery/vendor/vrana/adminer/adminer/script.inc.php on line 15
[10-Feb-2023 17:03:42 Asia/Calcutta] PHP Warning:  Undefined variable $sql in /var/www/html/grocery/vendor/vrana/adminer/adminer/script.inc.php on line 15
[10-Feb-2023 17:03:42 Asia/Calcutta] PHP Warning:  Undefined variable $sql in /var/www/html/grocery/vendor/vrana/adminer/adminer/script.inc.php on line 15
[10-Feb-2023 17:03:42 Asia/Calcutta] PHP Warning:  Undefined variable $sql in /var/www/html/grocery/vendor/vrana/adminer/adminer/script.inc.php on line 15
[10-Feb-2023 17:03:42 Asia/Calcutta] PHP Warning:  Undefined variable $sql in /var/www/html/grocery/vendor/vrana/adminer/adminer/script.inc.php on line 15
[10-Feb-2023 17:03:42 Asia/Calcutta] PHP Warning:  Undefined variable $sql in /var/www/html/grocery/vendor/vrana/adminer/adminer/script.inc.php on line 15
[10-Feb-2023 17:03:42 Asia/Calcutta] PHP Warning:  Undefined variable $sql in /var/www/html/grocery/vendor/vrana/adminer/adminer/script.inc.php on line 15
[10-Feb-2023 17:03:42 Asia/Calcutta] PHP Warning:  Undefined variable $sql in /var/www/html/grocery/vendor/vrana/adminer/adminer/script.inc.php on line 15
[10-Feb-2023 17:03:42 Asia/Calcutta] PHP Warning:  Undefined variable $sql in /var/www/html/grocery/vendor/vrana/adminer/adminer/script.inc.php on line 15
[10-Feb-2023 17:03:42 Asia/Calcutta] PHP Warning:  Undefined variable $sql in /var/www/html/grocery/vendor/vrana/adminer/adminer/script.inc.php on line 15
[10-Feb-2023 17:03:42 Asia/Calcutta] PHP Warning:  Undefined variable $sql in /var/www/html/grocery/vendor/vrana/adminer/adminer/script.inc.php on line 15
[10-Feb-2023 17:03:42 Asia/Calcutta] PHP Warning:  Undefined variable $sql in /var/www/html/grocery/vendor/vrana/adminer/adminer/script.inc.php on line 15
[10-Feb-2023 17:03:42 Asia/Calcutta] PHP Warning:  Undefined variable $sql in /var/www/html/grocery/vendor/vrana/adminer/adminer/script.inc.php on line 15
[10-Feb-2023 17:03:42 Asia/Calcutta] PHP Warning:  Undefined variable $sql in /var/www/html/grocery/vendor/vrana/adminer/adminer/script.inc.php on line 15
[10-Feb-2023 17:03:42 Asia/Calcutta] PHP Warning:  Undefined variable $sql in /var/www/html/grocery/vendor/vrana/adminer/adminer/script.inc.php on line 15
[10-Feb-2023 17:03:42 Asia/Calcutta] PHP Warning:  Undefined variable $sql in /var/www/html/grocery/vendor/vrana/adminer/adminer/script.inc.php on line 15
[10-Feb-2023 17:03:42 Asia/Calcutta] PHP Warning:  Undefined variable $sql in /var/www/html/grocery/vendor/vrana/adminer/adminer/script.inc.php on line 15
[10-Feb-2023 17:03:42 Asia/Calcutta] PHP Warning:  Undefined variable $sql in /var/www/html/grocery/vendor/vrana/adminer/adminer/script.inc.php on line 15
[10-Feb-2023 17:03:42 Asia/Calcutta] PHP Warning:  Undefined variable $sql in /var/www/html/grocery/vendor/vrana/adminer/adminer/script.inc.php on line 15
[10-Feb-2023 17:03:42 Asia/Calcutta] PHP Warning:  Undefined variable $sql in /var/www/html/grocery/vendor/vrana/adminer/adminer/script.inc.php on line 15
[10-Feb-2023 17:03:42 Asia/Calcutta] PHP Warning:  Undefined variable $sql in /var/www/html/grocery/vendor/vrana/adminer/adminer/script.inc.php on line 15
[10-Feb-2023 17:03:42 Asia/Calcutta] PHP Warning:  Undefined variable $sql in /var/www/html/grocery/vendor/vrana/adminer/adminer/script.inc.php on line 15
[10-Feb-2023 17:03:42 Asia/Calcutta] PHP Warning:  Undefined variable $sql in /var/www/html/grocery/vendor/vrana/adminer/adminer/script.inc.php on line 15
[10-Feb-2023 17:03:42 Asia/Calcutta] PHP Warning:  Undefined variable $sql in /var/www/html/grocery/vendor/vrana/adminer/adminer/script.inc.php on line 15
[10-Feb-2023 17:03:42 Asia/Calcutta] PHP Warning:  Undefined variable $sql in /var/www/html/grocery/vendor/vrana/adminer/adminer/script.inc.php on line 15
[10-Feb-2023 17:03:42 Asia/Calcutta] PHP Warning:  Undefined variable $sql in /var/www/html/grocery/vendor/vrana/adminer/adminer/script.inc.php on line 15
